{"C:\\Users\\user\\Desktop\\NodeApiApp\\src\\controllers\\AuthController.ts": {"path":"C:\\Users\\user\\Desktop\\NodeApiApp\\src\\controllers\\AuthController.ts","statementMap":{"0":{"start":{"line":5,"column":0},"end":{"line":5,"column":48}},"1":{"start":{"line":6,"column":0},"end":{"line":6,"column":49}},"2":{"start":{"line":7,"column":0},"end":{"line":7,"column":67}},"3":{"start":{"line":8,"column":0},"end":{"line":8,"column":58}},"4":{"start":{"line":9,"column":0},"end":{"line":9,"column":60}},"5":{"start":{"line":10,"column":0},"end":{"line":10,"column":76}},"6":{"start":{"line":11,"column":0},"end":{"line":11,"column":72}},"7":{"start":{"line":12,"column":0},"end":{"line":12,"column":74}},"8":{"start":{"line":14,"column":14},"end":{"line":37,"column":2}},"9":{"start":{"line":14,"column":52},"end":{"line":37,"column":2}},"10":{"start":{"line":15,"column":32},"end":{"line":15,"column":40}},"11":{"start":{"line":17,"column":40},"end":{"line":17,"column":70}},"12":{"start":{"line":19,"column":4},"end":{"line":19,"column":70}},"13":{"start":{"line":19,"column":25},"end":{"line":19,"column":70}},"14":{"start":{"line":21,"column":18},"end":{"line":21,"column":59}},"15":{"start":{"line":23,"column":27},"end":{"line":29,"column":6}},"16":{"start":{"line":31,"column":4},"end":{"line":31,"column":53}},"17":{"start":{"line":33,"column":4},"end":{"line":36,"column":7}},"18":{"start":{"line":143,"column":9},"end":{"line":143,"column":14}},"19":{"start":{"line":39,"column":15},"end":{"line":50,"column":2}},"20":{"start":{"line":39,"column":53},"end":{"line":50,"column":2}},"21":{"start":{"line":40,"column":40},"end":{"line":40,"column":71}},"22":{"start":{"line":42,"column":4},"end":{"line":42,"column":70}},"23":{"start":{"line":42,"column":25},"end":{"line":42,"column":70}},"24":{"start":{"line":44,"column":37},"end":{"line":44,"column":74}},"25":{"start":{"line":46,"column":4},"end":{"line":49,"column":7}},"26":{"start":{"line":143,"column":16},"end":{"line":143,"column":22}},"27":{"start":{"line":52,"column":15},"end":{"line":58,"column":2}},"28":{"start":{"line":52,"column":54},"end":{"line":58,"column":2}},"29":{"start":{"line":53,"column":4},"end":{"line":53,"column":35}},"30":{"start":{"line":55,"column":4},"end":{"line":57,"column":7}},"31":{"start":{"line":143,"column":24},"end":{"line":143,"column":30}},"32":{"start":{"line":60,"column":11},"end":{"line":68,"column":null}},"33":{"start":{"line":60,"column":49},"end":{"line":68,"column":null}},"34":{"start":{"line":61,"column":23},"end":{"line":61,"column":33}},"35":{"start":{"line":63,"column":34},"end":{"line":63,"column":69}},"36":{"start":{"line":65,"column":4},"end":{"line":65,"column":72}},"37":{"start":{"line":65,"column":15},"end":{"line":65,"column":72}},"38":{"start":{"line":67,"column":4},"end":{"line":67,"column":31}},"39":{"start":{"line":143,"column":32},"end":{"line":143,"column":34}},"40":{"start":{"line":70,"column":23},"end":{"line":84,"column":2}},"41":{"start":{"line":70,"column":61},"end":{"line":84,"column":2}},"42":{"start":{"line":71,"column":22},"end":{"line":71,"column":32}},"43":{"start":{"line":73,"column":40},"end":{"line":73,"column":79}},"44":{"start":{"line":75,"column":4},"end":{"line":75,"column":70}},"45":{"start":{"line":75,"column":25},"end":{"line":75,"column":70}},"46":{"start":{"line":78,"column":4},"end":{"line":78,"column":47}},"47":{"start":{"line":80,"column":4},"end":{"line":83,"column":7}},"48":{"start":{"line":143,"column":36},"end":{"line":143,"column":50}},"49":{"start":{"line":86,"column":21},"end":{"line":110,"column":2}},"50":{"start":{"line":86,"column":59},"end":{"line":110,"column":2}},"51":{"start":{"line":87,"column":27},"end":{"line":87,"column":35}},"52":{"start":{"line":89,"column":40},"end":{"line":89,"column":77}},"53":{"start":{"line":91,"column":4},"end":{"line":91,"column":70}},"54":{"start":{"line":91,"column":25},"end":{"line":91,"column":70}},"55":{"start":{"line":93,"column":34},"end":{"line":93,"column":61}},"56":{"start":{"line":96,"column":8},"end":{"line":100,"column":null}},"57":{"start":{"line":103,"column":4},"end":{"line":104,"column":76}},"58":{"start":{"line":104,"column":8},"end":{"line":104,"column":76}},"59":{"start":{"line":106,"column":4},"end":{"line":109,"column":7}},"60":{"start":{"line":143,"column":67},"end":{"line":143,"column":79}},"61":{"start":{"line":112,"column":22},"end":{"line":141,"column":2}},"62":{"start":{"line":112,"column":60},"end":{"line":141,"column":2}},"63":{"start":{"line":113,"column":44},"end":{"line":113,"column":52}},"64":{"start":{"line":115,"column":40},"end":{"line":115,"column":78}},"65":{"start":{"line":117,"column":4},"end":{"line":117,"column":70}},"66":{"start":{"line":117,"column":25},"end":{"line":117,"column":70}},"67":{"start":{"line":119,"column":34},"end":{"line":119,"column":61}},"68":{"start":{"line":121,"column":4},"end":{"line":134,"column":5}},"69":{"start":{"line":129,"column":8},"end":{"line":133,"column":10}},"70":{"start":{"line":136,"column":4},"end":{"line":136,"column":59}},"71":{"start":{"line":138,"column":4},"end":{"line":138,"column":55}},"72":{"start":{"line":140,"column":4},"end":{"line":140,"column":59}},"73":{"start":{"line":143,"column":52},"end":{"line":143,"column":65}}},"fnMap":{"0":{"name":"(anonymous_13)","decl":{"start":{"line":14,"column":14},"end":{"line":14,"column":21}},"loc":{"start":{"line":14,"column":52},"end":{"line":37,"column":2}}},"1":{"name":"(anonymous_14)","decl":{"start":{"line":14,"column":52},"end":{"line":14,"column":null}},"loc":{"start":{"line":14,"column":52},"end":{"line":37,"column":1}}},"2":{"name":"(anonymous_15)","decl":{"start":{"line":39,"column":15},"end":{"line":39,"column":22}},"loc":{"start":{"line":39,"column":53},"end":{"line":50,"column":2}}},"3":{"name":"(anonymous_16)","decl":{"start":{"line":39,"column":53},"end":{"line":39,"column":null}},"loc":{"start":{"line":39,"column":53},"end":{"line":50,"column":1}}},"4":{"name":"(anonymous_17)","decl":{"start":{"line":52,"column":15},"end":{"line":52,"column":22}},"loc":{"start":{"line":52,"column":54},"end":{"line":58,"column":2}}},"5":{"name":"(anonymous_18)","decl":{"start":{"line":52,"column":54},"end":{"line":52,"column":null}},"loc":{"start":{"line":52,"column":54},"end":{"line":58,"column":1}}},"6":{"name":"(anonymous_19)","decl":{"start":{"line":60,"column":11},"end":{"line":60,"column":18}},"loc":{"start":{"line":60,"column":49},"end":{"line":68,"column":null}}},"7":{"name":"(anonymous_20)","decl":{"start":{"line":60,"column":49},"end":{"line":60,"column":null}},"loc":{"start":{"line":60,"column":49},"end":{"line":68,"column":1}}},"8":{"name":"(anonymous_21)","decl":{"start":{"line":70,"column":23},"end":{"line":70,"column":30}},"loc":{"start":{"line":70,"column":61},"end":{"line":84,"column":2}}},"9":{"name":"(anonymous_22)","decl":{"start":{"line":70,"column":61},"end":{"line":70,"column":null}},"loc":{"start":{"line":70,"column":61},"end":{"line":84,"column":1}}},"10":{"name":"(anonymous_23)","decl":{"start":{"line":86,"column":21},"end":{"line":86,"column":28}},"loc":{"start":{"line":86,"column":59},"end":{"line":110,"column":2}}},"11":{"name":"(anonymous_24)","decl":{"start":{"line":86,"column":59},"end":{"line":86,"column":null}},"loc":{"start":{"line":86,"column":59},"end":{"line":110,"column":1}}},"12":{"name":"(anonymous_25)","decl":{"start":{"line":112,"column":22},"end":{"line":112,"column":29}},"loc":{"start":{"line":112,"column":60},"end":{"line":141,"column":2}}},"13":{"name":"(anonymous_26)","decl":{"start":{"line":112,"column":60},"end":{"line":112,"column":null}},"loc":{"start":{"line":112,"column":60},"end":{"line":141,"column":1}}}},"branchMap":{"0":{"loc":{"start":{"line":19,"column":4},"end":{"line":19,"column":70}},"type":"if","locations":[{"start":{"line":19,"column":4},"end":{"line":19,"column":70}}]},"1":{"loc":{"start":{"line":42,"column":4},"end":{"line":42,"column":70}},"type":"if","locations":[{"start":{"line":42,"column":4},"end":{"line":42,"column":70}}]},"2":{"loc":{"start":{"line":65,"column":4},"end":{"line":65,"column":72}},"type":"if","locations":[{"start":{"line":65,"column":4},"end":{"line":65,"column":72}}]},"3":{"loc":{"start":{"line":75,"column":4},"end":{"line":75,"column":70}},"type":"if","locations":[{"start":{"line":75,"column":4},"end":{"line":75,"column":70}}]},"4":{"loc":{"start":{"line":91,"column":4},"end":{"line":91,"column":70}},"type":"if","locations":[{"start":{"line":91,"column":4},"end":{"line":91,"column":70}}]},"5":{"loc":{"start":{"line":96,"column":8},"end":{"line":100,"column":null}},"type":"binary-expr","locations":[{"start":{"line":96,"column":8},"end":{"line":96,"column":12}},{"start":{"line":97,"column":8},"end":{"line":100,"column":null}}]},"6":{"loc":{"start":{"line":103,"column":4},"end":{"line":104,"column":76}},"type":"if","locations":[{"start":{"line":103,"column":4},"end":{"line":104,"column":76}}]},"7":{"loc":{"start":{"line":117,"column":4},"end":{"line":117,"column":70}},"type":"if","locations":[{"start":{"line":117,"column":4},"end":{"line":117,"column":70}}]},"8":{"loc":{"start":{"line":121,"column":4},"end":{"line":134,"column":5}},"type":"if","locations":[{"start":{"line":121,"column":4},"end":{"line":134,"column":5}}]},"9":{"loc":{"start":{"line":122,"column":8},"end":{"line":126,"column":null}},"type":"binary-expr","locations":[{"start":{"line":122,"column":8},"end":{"line":122,"column":13}},{"start":{"line":123,"column":8},"end":{"line":126,"column":null}}]}},"s":{"0":1,"1":1,"2":1,"3":1,"4":1,"5":1,"6":1,"7":1,"8":1,"9":0,"10":0,"11":0,"12":0,"13":0,"14":0,"15":0,"16":0,"17":0,"18":1,"19":1,"20":0,"21":0,"22":0,"23":0,"24":0,"25":0,"26":1,"27":1,"28":0,"29":0,"30":0,"31":1,"32":1,"33":1,"34":1,"35":1,"36":0,"37":0,"38":0,"39":1,"40":1,"41":0,"42":0,"43":0,"44":0,"45":0,"46":0,"47":0,"48":1,"49":1,"50":0,"51":0,"52":0,"53":0,"54":0,"55":0,"56":0,"57":0,"58":0,"59":0,"60":1,"61":1,"62":0,"63":0,"64":0,"65":0,"66":0,"67":0,"68":0,"69":0,"70":0,"71":0,"72":0,"73":1},"f":{"0":0,"1":0,"2":0,"3":0,"4":0,"5":0,"6":1,"7":1,"8":0,"9":0,"10":0,"11":0,"12":0,"13":0},"b":{"0":[0],"1":[0],"2":[0],"3":[0],"4":[0],"5":[0,0],"6":[0],"7":[0],"8":[0],"9":[0,0]}}
,"C:\\Users\\user\\Desktop\\NodeApiApp\\src\\errors\\AuthError.ts": {"path":"C:\\Users\\user\\Desktop\\NodeApiApp\\src\\errors\\AuthError.ts","statementMap":{"0":{"start":{"line":1,"column":0},"end":{"line":1,"column":44}},"1":{"start":{"line":13,"column":8},"end":{"line":13,"column":23}},"2":{"start":{"line":10,"column":16},"end":{"line":10,"column":33}},"3":{"start":{"line":4,"column":4},"end":{"line":4,"column":21}},"4":{"start":{"line":6,"column":4},"end":{"line":6,"column":40}},"5":{"start":{"line":14,"column":8},"end":{"line":14,"column":56}},"6":{"start":{"line":16,"column":8},"end":{"line":16,"column":57}},"7":{"start":{"line":20,"column":8},"end":{"line":27,"column":10}},"8":{"start":{"line":31,"column":9},"end":{"line":31,"column":18}}},"fnMap":{"0":{"name":"(anonymous_0)","decl":{"start":{"line":8,"column":4},"end":{"line":8,"column":null}},"loc":{"start":{"line":11,"column":27},"end":{"line":17,"column":5}}},"1":{"name":"(anonymous_1)","decl":{"start":{"line":19,"column":4},"end":{"line":19,"column":19}},"loc":{"start":{"line":19,"column":19},"end":{"line":28,"column":5}}}},"branchMap":{"0":{"loc":{"start":{"line":14,"column":26},"end":{"line":14,"column":55}},"type":"cond-expr","locations":[{"start":{"line":14,"column":26},"end":{"line":14,"column":36}},{"start":{"line":14,"column":40},"end":{"line":14,"column":55}}]},"1":{"loc":{"start":{"line":14,"column":26},"end":{"line":14,"column":40}},"type":"binary-expr","locations":[{"start":{"line":14,"column":26},"end":{"line":14,"column":40}},{"start":{"line":14,"column":26},"end":{"line":14,"column":40}}]}},"s":{"0":1,"1":1,"2":1,"3":1,"4":1,"5":1,"6":1,"7":0,"8":1},"f":{"0":1,"1":0},"b":{"0":[0,1],"1":[1,1]}}
,"C:\\Users\\user\\Desktop\\NodeApiApp\\src\\errors\\CustomError.ts": {"path":"C:\\Users\\user\\Desktop\\NodeApiApp\\src\\errors\\CustomError.ts","statementMap":{"0":{"start":{"line":7,"column":8},"end":{"line":7,"column":23}},"1":{"start":{"line":9,"column":8},"end":{"line":9,"column":59}},"2":{"start":{"line":1,"column":0},"end":{"line":1,"column":22}}},"fnMap":{"0":{"name":"(anonymous_0)","decl":{"start":{"line":6,"column":4},"end":{"line":6,"column":26}},"loc":{"start":{"line":6,"column":41},"end":{"line":10,"column":5}}}},"branchMap":{},"s":{"0":1,"1":1,"2":1},"f":{"0":1},"b":{}}
,"C:\\Users\\user\\Desktop\\NodeApiApp\\src\\modules\\AuthModel.ts": {"path":"C:\\Users\\user\\Desktop\\NodeApiApp\\src\\modules\\AuthModel.ts","statementMap":{"0":{"start":{"line":2,"column":0},"end":{"line":2,"column":43}},"1":{"start":{"line":3,"column":0},"end":{"line":3,"column":48}},"2":{"start":{"line":5,"column":20},"end":{"line":20,"column":2}},"3":{"start":{"line":5,"column":67},"end":{"line":20,"column":2}},"4":{"start":{"line":6,"column":4},"end":{"line":19,"column":5}},"5":{"start":{"line":7,"column":21},"end":{"line":11,"column":10}},"6":{"start":{"line":13,"column":8},"end":{"line":13,"column":31}},"7":{"start":{"line":13,"column":19},"end":{"line":13,"column":31}},"8":{"start":{"line":15,"column":8},"end":{"line":15,"column":20}},"9":{"start":{"line":17,"column":20},"end":{"line":17,"column":34}},"10":{"start":{"line":18,"column":8},"end":{"line":18,"column":66}},"11":{"start":{"line":80,"column":9},"end":{"line":80,"column":20}},"12":{"start":{"line":22,"column":23},"end":{"line":37,"column":2}},"13":{"start":{"line":22,"column":73},"end":{"line":37,"column":2}},"14":{"start":{"line":23,"column":4},"end":{"line":36,"column":5}},"15":{"start":{"line":24,"column":21},"end":{"line":28,"column":10}},"16":{"start":{"line":30,"column":8},"end":{"line":30,"column":31}},"17":{"start":{"line":30,"column":19},"end":{"line":30,"column":31}},"18":{"start":{"line":32,"column":8},"end":{"line":32,"column":20}},"19":{"start":{"line":34,"column":20},"end":{"line":34,"column":34}},"20":{"start":{"line":35,"column":8},"end":{"line":35,"column":41}},"21":{"start":{"line":80,"column":22},"end":{"line":80,"column":36}},"22":{"start":{"line":39,"column":19},"end":{"line":48,"column":1}},"23":{"start":{"line":40,"column":4},"end":{"line":47,"column":5}},"24":{"start":{"line":41,"column":8},"end":{"line":43,"column":11}},"25":{"start":{"line":45,"column":20},"end":{"line":45,"column":34}},"26":{"start":{"line":46,"column":8},"end":{"line":46,"column":64}},"27":{"start":{"line":80,"column":38},"end":{"line":80,"column":48}},"28":{"start":{"line":50,"column":19},"end":{"line":65,"column":1}},"29":{"start":{"line":54,"column":4},"end":{"line":64,"column":5}},"30":{"start":{"line":55,"column":8},"end":{"line":60,"column":11}},"31":{"start":{"line":62,"column":20},"end":{"line":62,"column":34}},"32":{"start":{"line":63,"column":8},"end":{"line":63,"column":58}},"33":{"start":{"line":80,"column":50},"end":{"line":80,"column":60}},"34":{"start":{"line":67,"column":19},"end":{"line":78,"column":1}},"35":{"start":{"line":68,"column":4},"end":{"line":77,"column":5}},"36":{"start":{"line":69,"column":8},"end":{"line":73,"column":11}},"37":{"start":{"line":75,"column":20},"end":{"line":75,"column":34}},"38":{"start":{"line":76,"column":8},"end":{"line":76,"column":58}},"39":{"start":{"line":80,"column":62},"end":{"line":80,"column":72}}},"fnMap":{"0":{"name":"(anonymous_8)","decl":{"start":{"line":5,"column":20},"end":{"line":5,"column":27}},"loc":{"start":{"line":5,"column":67},"end":{"line":20,"column":2}}},"1":{"name":"(anonymous_9)","decl":{"start":{"line":5,"column":67},"end":{"line":5,"column":null}},"loc":{"start":{"line":5,"column":67},"end":{"line":20,"column":1}}},"2":{"name":"(anonymous_10)","decl":{"start":{"line":22,"column":23},"end":{"line":22,"column":30}},"loc":{"start":{"line":22,"column":73},"end":{"line":37,"column":2}}},"3":{"name":"(anonymous_11)","decl":{"start":{"line":22,"column":73},"end":{"line":22,"column":null}},"loc":{"start":{"line":22,"column":73},"end":{"line":37,"column":1}}},"4":{"name":"(anonymous_12)","decl":{"start":{"line":39,"column":19},"end":{"line":39,"column":20}},"loc":{"start":{"line":39,"column":60},"end":{"line":48,"column":1}}},"5":{"name":"(anonymous_13)","decl":{"start":{"line":50,"column":19},"end":{"line":50,"column":null}},"loc":{"start":{"line":53,"column":23},"end":{"line":65,"column":1}}},"6":{"name":"(anonymous_14)","decl":{"start":{"line":67,"column":19},"end":{"line":67,"column":20}},"loc":{"start":{"line":67,"column":53},"end":{"line":78,"column":1}}}},"branchMap":{"0":{"loc":{"start":{"line":13,"column":8},"end":{"line":13,"column":31}},"type":"if","locations":[{"start":{"line":13,"column":8},"end":{"line":13,"column":31}}]},"1":{"loc":{"start":{"line":30,"column":8},"end":{"line":30,"column":31}},"type":"if","locations":[{"start":{"line":30,"column":8},"end":{"line":30,"column":31}}]}},"s":{"0":1,"1":1,"2":1,"3":0,"4":0,"5":0,"6":0,"7":0,"8":0,"9":0,"10":0,"11":1,"12":1,"13":0,"14":0,"15":0,"16":0,"17":0,"18":0,"19":0,"20":0,"21":1,"22":1,"23":0,"24":0,"25":0,"26":0,"27":1,"28":1,"29":0,"30":0,"31":0,"32":0,"33":1,"34":1,"35":0,"36":0,"37":0,"38":0,"39":1},"f":{"0":0,"1":0,"2":0,"3":0,"4":0,"5":0,"6":0},"b":{"0":[0],"1":[0]}}
,"C:\\Users\\user\\Desktop\\NodeApiApp\\src\\schemas\\auth\\confirmEmailSchema.ts": {"path":"C:\\Users\\user\\Desktop\\NodeApiApp\\src\\schemas\\auth\\confirmEmailSchema.ts","statementMap":{"0":{"start":{"line":1,"column":0},"end":{"line":1,"column":22}},"1":{"start":{"line":3,"column":13},"end":{"line":9,"column":3}}},"fnMap":{},"branchMap":{},"s":{"0":1,"1":1},"f":{},"b":{}}
,"C:\\Users\\user\\Desktop\\NodeApiApp\\src\\schemas\\auth\\forgetPasswordSchema.ts": {"path":"C:\\Users\\user\\Desktop\\NodeApiApp\\src\\schemas\\auth\\forgetPasswordSchema.ts","statementMap":{"0":{"start":{"line":1,"column":0},"end":{"line":1,"column":22}},"1":{"start":{"line":3,"column":13},"end":{"line":8,"column":3}}},"fnMap":{},"branchMap":{},"s":{"0":1,"1":1},"f":{},"b":{}}
,"C:\\Users\\user\\Desktop\\NodeApiApp\\src\\schemas\\auth\\loginSchema.ts": {"path":"C:\\Users\\user\\Desktop\\NodeApiApp\\src\\schemas\\auth\\loginSchema.ts","statementMap":{"0":{"start":{"line":1,"column":0},"end":{"line":1,"column":22}},"1":{"start":{"line":3,"column":13},"end":{"line":9,"column":3}}},"fnMap":{},"branchMap":{},"s":{"0":1,"1":1},"f":{},"b":{}}
,"C:\\Users\\user\\Desktop\\NodeApiApp\\src\\schemas\\auth\\resetPasswordSchema.ts": {"path":"C:\\Users\\user\\Desktop\\NodeApiApp\\src\\schemas\\auth\\resetPasswordSchema.ts","statementMap":{"0":{"start":{"line":1,"column":0},"end":{"line":1,"column":22}},"1":{"start":{"line":3,"column":13},"end":{"line":11,"column":3}}},"fnMap":{},"branchMap":{},"s":{"0":1,"1":1},"f":{},"b":{}}
,"C:\\Users\\user\\Desktop\\NodeApiApp\\src\\schemas\\auth\\signupSchema.ts": {"path":"C:\\Users\\user\\Desktop\\NodeApiApp\\src\\schemas\\auth\\signupSchema.ts","statementMap":{"0":{"start":{"line":1,"column":0},"end":{"line":1,"column":22}},"1":{"start":{"line":3,"column":13},"end":{"line":10,"column":3}}},"fnMap":{},"branchMap":{},"s":{"0":1,"1":1},"f":{},"b":{}}
,"C:\\Users\\user\\Desktop\\NodeApiApp\\src\\services\\auth.ts": {"path":"C:\\Users\\user\\Desktop\\NodeApiApp\\src\\services\\auth.ts","statementMap":{"0":{"start":{"line":1,"column":0},"end":{"line":1,"column":31}},"1":{"start":{"line":2,"column":0},"end":{"line":2,"column":28}},"2":{"start":{"line":4,"column":0},"end":{"line":4,"column":50}},"3":{"start":{"line":5,"column":0},"end":{"line":5,"column":48}},"4":{"start":{"line":6,"column":0},"end":{"line":6,"column":49}},"5":{"start":{"line":8,"column":33},"end":{"line":16,"column":1}},"6":{"start":{"line":9,"column":16},"end":{"line":9,"column":59}},"7":{"start":{"line":10,"column":26},"end":{"line":10,"column":63}},"8":{"start":{"line":12,"column":4},"end":{"line":15,"column":6}},"9":{"start":{"line":18,"column":31},"end":{"line":24,"column":2}},"10":{"start":{"line":18,"column":71},"end":{"line":24,"column":2}},"11":{"start":{"line":19,"column":4},"end":{"line":23,"column":7}},"12":{"start":{"line":105,"column":4},"end":{"line":105,"column":26}},"13":{"start":{"line":26,"column":31},"end":{"line":33,"column":1}},"14":{"start":{"line":31,"column":16},"end":{"line":31,"column":26}},"15":{"start":{"line":32,"column":4},"end":{"line":32,"column":69}},"16":{"start":{"line":103,"column":4},"end":{"line":103,"column":26}},"17":{"start":{"line":35,"column":25},"end":{"line":54,"column":2}},"18":{"start":{"line":35,"column":67},"end":{"line":54,"column":2}},"19":{"start":{"line":36,"column":34},"end":{"line":36,"column":71}},"20":{"start":{"line":38,"column":4},"end":{"line":38,"column":28}},"21":{"start":{"line":38,"column":15},"end":{"line":38,"column":28}},"22":{"start":{"line":40,"column":35},"end":{"line":40,"column":61}},"23":{"start":{"line":42,"column":4},"end":{"line":45,"column":7}},"24":{"start":{"line":47,"column":4},"end":{"line":51,"column":6}},"25":{"start":{"line":53,"column":4},"end":{"line":53,"column":16}},"26":{"start":{"line":102,"column":4},"end":{"line":102,"column":20}},"27":{"start":{"line":56,"column":20},"end":{"line":61,"column":1}},"28":{"start":{"line":57,"column":20},"end":{"line":57,"column":54}},"29":{"start":{"line":58,"column":20},"end":{"line":58,"column":39}},"30":{"start":{"line":60,"column":4},"end":{"line":60,"column":63}},"31":{"start":{"line":101,"column":4},"end":{"line":101,"column":15}},"32":{"start":{"line":63,"column":21},"end":{"line":64,"column":33}},"33":{"start":{"line":64,"column":4},"end":{"line":64,"column":33}},"34":{"start":{"line":66,"column":24},"end":{"line":67,"column":48}},"35":{"start":{"line":67,"column":4},"end":{"line":67,"column":48}},"36":{"start":{"line":69,"column":14},"end":{"line":76,"column":2}},"37":{"start":{"line":69,"column":73},"end":{"line":76,"column":2}},"38":{"start":{"line":70,"column":34},"end":{"line":70,"column":71}},"39":{"start":{"line":72,"column":4},"end":{"line":73,"column":47}},"40":{"start":{"line":73,"column":8},"end":{"line":73,"column":47}},"41":{"start":{"line":75,"column":4},"end":{"line":75,"column":29}},"42":{"start":{"line":100,"column":4},"end":{"line":100,"column":9}},"43":{"start":{"line":78,"column":17},"end":{"line":90,"column":2}},"44":{"start":{"line":78,"column":64},"end":{"line":90,"column":2}},"45":{"start":{"line":79,"column":40},"end":{"line":80,"column":null}},"46":{"start":{"line":83,"column":4},"end":{"line":83,"column":60}},"47":{"start":{"line":83,"column":20},"end":{"line":83,"column":60}},"48":{"start":{"line":85,"column":25},"end":{"line":85,"column":55}},"49":{"start":{"line":87,"column":33},"end":{"line":87,"column":74}},"50":{"start":{"line":89,"column":4},"end":{"line":89,"column":57}},"51":{"start":{"line":99,"column":4},"end":{"line":99,"column":12}},"52":{"start":{"line":92,"column":22},"end":{"line":96,"column":74}},"53":{"start":{"line":95,"column":23},"end":{"line":96,"column":74}},"54":{"start":{"line":96,"column":4},"end":{"line":96,"column":74}},"55":{"start":{"line":104,"column":4},"end":{"line":104,"column":17}}},"fnMap":{"0":{"name":"(anonymous_14)","decl":{"start":{"line":8,"column":33},"end":{"line":8,"column":74}},"loc":{"start":{"line":8,"column":76},"end":{"line":16,"column":1}}},"1":{"name":"(anonymous_15)","decl":{"start":{"line":18,"column":31},"end":{"line":18,"column":38}},"loc":{"start":{"line":18,"column":71},"end":{"line":24,"column":2}}},"2":{"name":"(anonymous_16)","decl":{"start":{"line":18,"column":71},"end":{"line":18,"column":null}},"loc":{"start":{"line":18,"column":71},"end":{"line":24,"column":1}}},"3":{"name":"(anonymous_17)","decl":{"start":{"line":26,"column":31},"end":{"line":26,"column":null}},"loc":{"start":{"line":30,"column":13},"end":{"line":33,"column":1}}},"4":{"name":"(anonymous_18)","decl":{"start":{"line":35,"column":25},"end":{"line":35,"column":32}},"loc":{"start":{"line":35,"column":67},"end":{"line":54,"column":2}}},"5":{"name":"(anonymous_19)","decl":{"start":{"line":35,"column":67},"end":{"line":35,"column":null}},"loc":{"start":{"line":35,"column":67},"end":{"line":54,"column":1}}},"6":{"name":"(anonymous_20)","decl":{"start":{"line":56,"column":20},"end":{"line":56,"column":21}},"loc":{"start":{"line":56,"column":47},"end":{"line":61,"column":1}}},"7":{"name":"(anonymous_21)","decl":{"start":{"line":63,"column":21},"end":{"line":63,"column":22}},"loc":{"start":{"line":64,"column":4},"end":{"line":64,"column":33}}},"8":{"name":"(anonymous_22)","decl":{"start":{"line":66,"column":24},"end":{"line":66,"column":25}},"loc":{"start":{"line":67,"column":4},"end":{"line":67,"column":48}}},"9":{"name":"(anonymous_23)","decl":{"start":{"line":69,"column":14},"end":{"line":69,"column":21}},"loc":{"start":{"line":69,"column":73},"end":{"line":76,"column":2}}},"10":{"name":"(anonymous_24)","decl":{"start":{"line":69,"column":73},"end":{"line":69,"column":null}},"loc":{"start":{"line":69,"column":73},"end":{"line":76,"column":1}}},"11":{"name":"(anonymous_25)","decl":{"start":{"line":78,"column":17},"end":{"line":78,"column":24}},"loc":{"start":{"line":78,"column":64},"end":{"line":90,"column":2}}},"12":{"name":"(anonymous_26)","decl":{"start":{"line":78,"column":64},"end":{"line":78,"column":null}},"loc":{"start":{"line":78,"column":64},"end":{"line":90,"column":1}}},"13":{"name":"(anonymous_27)","decl":{"start":{"line":92,"column":22},"end":{"line":92,"column":null}},"loc":{"start":{"line":95,"column":23},"end":{"line":96,"column":74}}},"14":{"name":"(anonymous_28)","decl":{"start":{"line":95,"column":23},"end":{"line":95,"column":null}},"loc":{"start":{"line":95,"column":23},"end":{"line":96,"column":74}}}},"branchMap":{"0":{"loc":{"start":{"line":32,"column":11},"end":{"line":32,"column":68}},"type":"binary-expr","locations":[{"start":{"line":32,"column":11},"end":{"line":32,"column":40}},{"start":{"line":32,"column":44},"end":{"line":32,"column":68}}]},"1":{"loc":{"start":{"line":38,"column":4},"end":{"line":38,"column":28}},"type":"if","locations":[{"start":{"line":38,"column":4},"end":{"line":38,"column":28}}]},"2":{"loc":{"start":{"line":72,"column":4},"end":{"line":73,"column":47}},"type":"if","locations":[{"start":{"line":72,"column":4},"end":{"line":73,"column":47}}]},"3":{"loc":{"start":{"line":72,"column":8},"end":{"line":72,"column":58}},"type":"binary-expr","locations":[{"start":{"line":72,"column":8},"end":{"line":72,"column":13}},{"start":{"line":72,"column":17},"end":{"line":72,"column":58}}]},"4":{"loc":{"start":{"line":83,"column":4},"end":{"line":83,"column":60}},"type":"if","locations":[{"start":{"line":83,"column":4},"end":{"line":83,"column":60}}]}},"s":{"0":1,"1":1,"2":1,"3":1,"4":1,"5":1,"6":0,"7":0,"8":0,"9":1,"10":0,"11":0,"12":1,"13":1,"14":0,"15":0,"16":1,"17":1,"18":0,"19":0,"20":0,"21":0,"22":0,"23":0,"24":0,"25":0,"26":1,"27":1,"28":0,"29":0,"30":0,"31":1,"32":1,"33":0,"34":1,"35":0,"36":1,"37":0,"38":0,"39":0,"40":0,"41":0,"42":1,"43":1,"44":0,"45":0,"46":0,"47":0,"48":0,"49":0,"50":0,"51":1,"52":1,"53":0,"54":0,"55":1},"f":{"0":0,"1":0,"2":0,"3":0,"4":0,"5":0,"6":0,"7":0,"8":0,"9":0,"10":0,"11":0,"12":0,"13":0,"14":0},"b":{"0":[0,0],"1":[0],"2":[0],"3":[0,0],"4":[0]}}
,"C:\\Users\\user\\Desktop\\NodeApiApp\\src\\utils\\PrismaClient.ts": {"path":"C:\\Users\\user\\Desktop\\NodeApiApp\\src\\utils\\PrismaClient.ts","statementMap":{"0":{"start":{"line":1,"column":0},"end":{"line":1,"column":46}},"1":{"start":{"line":5,"column":31},"end":{"line":10,"column":1}},"2":{"start":{"line":6,"column":4},"end":{"line":8,"column":5}},"3":{"start":{"line":7,"column":8},"end":{"line":7,"column":36}},"4":{"start":{"line":9,"column":4},"end":{"line":9,"column":18}},"5":{"start":{"line":5,"column":13},"end":{"line":5,"column":31}},"6":{"start":{"line":12,"column":15},"end":{"line":12,"column":32}},"7":{"start":{"line":14,"column":0},"end":{"line":14,"column":22}}},"fnMap":{"0":{"name":"(anonymous_0)","decl":{"start":{"line":5,"column":31},"end":{"line":5,"column":48}},"loc":{"start":{"line":5,"column":50},"end":{"line":10,"column":1}}}},"branchMap":{"0":{"loc":{"start":{"line":6,"column":4},"end":{"line":8,"column":5}},"type":"if","locations":[{"start":{"line":6,"column":4},"end":{"line":8,"column":5}}]}},"s":{"0":1,"1":1,"2":1,"3":1,"4":1,"5":1,"6":1,"7":1},"f":{"0":1},"b":{"0":[1]}}
,"C:\\Users\\user\\Desktop\\NodeApiApp\\src\\utils\\emailSender.ts": {"path":"C:\\Users\\user\\Desktop\\NodeApiApp\\src\\utils\\emailSender.ts","statementMap":{"0":{"start":{"line":1,"column":0},"end":{"line":1,"column":36}},"1":{"start":{"line":3,"column":20},"end":{"line":11,"column":2}},"2":{"start":{"line":13,"column":18},"end":{"line":28,"column":1}},"3":{"start":{"line":14,"column":24},"end":{"line":19,"column":6}},"4":{"start":{"line":21,"column":4},"end":{"line":27,"column":7}},"5":{"start":{"line":22,"column":8},"end":{"line":26,"column":9}},"6":{"start":{"line":23,"column":12},"end":{"line":23,"column":31}},"7":{"start":{"line":25,"column":12},"end":{"line":25,"column":56}},"8":{"start":{"line":30,"column":9},"end":{"line":30,"column":18}}},"fnMap":{"0":{"name":"(anonymous_1)","decl":{"start":{"line":13,"column":18},"end":{"line":13,"column":19}},"loc":{"start":{"line":13,"column":67},"end":{"line":28,"column":1}}},"1":{"name":"(anonymous_2)","decl":{"start":{"line":21,"column":38},"end":{"line":21,"column":39}},"loc":{"start":{"line":21,"column":54},"end":{"line":27,"column":5}}}},"branchMap":{"0":{"loc":{"start":{"line":22,"column":8},"end":{"line":26,"column":9}},"type":"if","locations":[{"start":{"line":22,"column":8},"end":{"line":26,"column":9}},{"start":{"line":24,"column":15},"end":{"line":26,"column":9}}]}},"s":{"0":1,"1":1,"2":1,"3":0,"4":0,"5":0,"6":0,"7":0,"8":1},"f":{"0":0,"1":0},"b":{"0":[0,0]}}
}
