TN:
SF:src\app.ts
FN:17,(anonymous_1)
FNF:1
FNH:0
FNDA:0,(anonymous_1)
DA:1,1
DA:2,1
DA:3,1
DA:4,1
DA:5,1
DA:7,1
DA:9,1
DA:11,1
DA:13,1
DA:15,1
DA:17,1
DA:18,0
DA:21,1
LF:13
LH:12
BRDA:9,0,0,1
BRDA:9,0,1,0
BRF:2
BRH:1
end_of_record
TN:
SF:src\constants\httpStatusCodes.ts
FNF:0
FNH:0
DA:1,1
LF:1
LH:1
BRF:0
BRH:0
end_of_record
TN:
SF:src\controllers\AuthController.ts
FN:16,(anonymous_13)
FN:16,(anonymous_14)
FN:47,(anonymous_15)
FN:47,(anonymous_16)
FN:68,(anonymous_17)
FN:68,(anonymous_18)
FN:77,(anonymous_19)
FN:77,(anonymous_20)
FN:102,(anonymous_21)
FN:102,(anonymous_22)
FN:125,(anonymous_23)
FN:125,(anonymous_24)
FN:158,(anonymous_25)
FN:158,(anonymous_26)
FNF:14
FNH:14
FNDA:5,(anonymous_13)
FNDA:5,(anonymous_14)
FNDA:5,(anonymous_15)
FNDA:5,(anonymous_16)
FNDA:1,(anonymous_17)
FNDA:1,(anonymous_18)
FNDA:1,(anonymous_19)
FNDA:1,(anonymous_20)
FNDA:5,(anonymous_21)
FNDA:5,(anonymous_22)
FNDA:6,(anonymous_23)
FNDA:6,(anonymous_24)
FNDA:2,(anonymous_25)
FNDA:2,(anonymous_26)
DA:5,1
DA:6,1
DA:7,1
DA:8,1
DA:9,1
DA:10,1
DA:11,1
DA:12,1
DA:13,1
DA:16,5
DA:17,5
DA:19,5
DA:21,5
DA:22,3
DA:23,3
DA:25,3
DA:28,2
DA:30,1
DA:38,1
DA:40,1
DA:44,1
DA:47,5
DA:48,5
DA:50,5
DA:51,3
DA:52,3
DA:54,3
DA:57,2
DA:59,1
DA:65,1
DA:68,1
DA:70,1
DA:72,1
DA:77,1
DA:78,1
DA:80,1
DA:85,1
DA:86,0
DA:93,1
DA:99,1
DA:102,5
DA:103,5
DA:105,5
DA:109,5
DA:110,3
DA:111,3
DA:113,3
DA:117,2
DA:119,2
DA:125,6
DA:126,6
DA:128,6
DA:130,6
DA:131,3
DA:132,3
DA:134,3
DA:137,3
DA:140,3
DA:147,3
DA:149,1
DA:155,1
DA:158,2
DA:159,2
DA:161,2
DA:163,2
DA:164,0
DA:165,0
DA:167,0
DA:170,2
DA:172,2
DA:180,1
DA:187,1
DA:189,1
DA:191,1
DA:197,1
DA:201,1
DA:202,1
DA:203,1
DA:204,1
DA:205,1
DA:206,1
DA:207,1
LF:82
LH:78
BRDA:21,0,0,3
BRDA:50,1,0,3
BRDA:85,2,0,0
BRDA:109,3,0,3
BRDA:130,4,0,3
BRDA:140,5,0,3
BRDA:140,5,1,3
BRDA:147,6,0,2
BRDA:163,7,0,0
BRDA:172,8,0,1
BRDA:173,9,0,2
BRDA:173,9,1,2
BRF:12
BRH:10
end_of_record
TN:
SF:src\errors\AuthError.ts
FN:9,(anonymous_0)
FN:22,(anonymous_1)
FNF:2
FNH:2
FNDA:5,(anonymous_0)
FNDA:10,(anonymous_1)
DA:1,1
DA:2,1
DA:5,5
DA:7,5
DA:11,5
DA:15,5
DA:16,5
DA:17,5
DA:19,5
DA:23,10
DA:34,1
LF:11
LH:11
BRDA:16,0,0,4
BRDA:16,0,1,1
BRDA:16,1,0,5
BRDA:16,1,1,5
BRDA:17,2,0,3
BRDA:17,2,1,2
BRDA:17,3,0,5
BRDA:17,3,1,5
BRF:8
BRH:8
end_of_record
TN:
SF:src\errors\CustomError.ts
FN:8,(anonymous_0)
FNF:1
FNH:1
FNDA:19,(anonymous_0)
DA:3,1
DA:9,19
DA:11,19
LF:3
LH:3
BRF:0
BRH:0
end_of_record
TN:
SF:src\errors\ValidationError.ts
FN:9,(anonymous_0)
FN:18,(anonymous_1)
FNF:2
FNH:2
FNDA:14,(anonymous_0)
FNDA:28,(anonymous_1)
DA:1,1
DA:2,1
DA:5,14
DA:7,14
DA:11,14
DA:13,14
DA:15,14
DA:19,28
DA:30,1
LF:9
LH:9
BRF:0
BRH:0
end_of_record
TN:
SF:src\middlewares\cache.ts
FN:6,(anonymous_1)
FN:24,(anonymous_2)
FNF:2
FNH:2
FNDA:1,(anonymous_1)
FNDA:1,(anonymous_2)
DA:1,1
DA:4,1
DA:6,1
DA:11,1
DA:13,1
DA:14,1
DA:16,1
DA:17,0
DA:18,0
DA:20,0
DA:22,1
DA:24,1
DA:25,1
DA:26,1
DA:27,1
DA:30,1
LF:16
LH:13
BRDA:11,0,0,0
BRDA:16,1,0,0
BRF:2
BRH:0
end_of_record
TN:
SF:src\middlewares\errorHandler.ts
FN:5,(anonymous_0)
FNF:1
FNH:1
FNDA:19,(anonymous_0)
DA:2,1
DA:5,1
DA:11,19
DA:12,19
DA:13,19
DA:17,19
DA:20,0
DA:21,0
DA:26,0
DA:28,0
DA:31,1
LF:11
LH:7
BRDA:11,0,0,19
BRF:1
BRH:1
end_of_record
TN:
SF:src\middlewares\index.ts
FN:10,(anonymous_1)
FNF:1
FNH:1
FNDA:1,(anonymous_1)
DA:1,1
DA:2,1
DA:3,1
DA:4,1
DA:5,1
DA:6,1
DA:7,1
DA:8,1
DA:10,1
DA:12,1
DA:13,1
DA:14,1
DA:15,1
DA:16,1
DA:17,1
DA:18,1
DA:19,1
DA:20,1
DA:22,1
LF:19
LH:19
BRF:0
BRH:0
end_of_record
TN:
SF:src\middlewares\isAuthenticated.ts
FN:7,(anonymous_1)
FNF:1
FNH:1
FNDA:3,(anonymous_1)
DA:2,1
DA:4,1
DA:5,1
DA:7,1
DA:12,3
DA:13,3
DA:15,3
DA:20,1
DA:22,1
DA:24,2
DA:26,2
LF:11
LH:11
BRF:0
BRH:0
end_of_record
TN:
SF:src\middlewares\loggerMiddleWare.ts
FNF:0
FNH:0
DA:2,1
DA:3,1
DA:5,1
LF:3
LH:3
BRF:0
BRH:0
end_of_record
TN:
SF:src\modules\AuthModel.ts
FN:5,(anonymous_8)
FN:5,(anonymous_9)
FN:22,(anonymous_10)
FN:22,(anonymous_11)
FN:39,(anonymous_12)
FN:50,(anonymous_13)
FN:67,(anonymous_14)
FNF:7
FNH:6
FNDA:1,(anonymous_8)
FNDA:1,(anonymous_9)
FNDA:11,(anonymous_10)
FNDA:11,(anonymous_11)
FNDA:1,(anonymous_12)
FNDA:4,(anonymous_13)
FNDA:0,(anonymous_14)
DA:2,1
DA:3,1
DA:5,1
DA:6,1
DA:7,1
DA:13,1
DA:15,1
DA:17,0
DA:18,0
DA:22,11
DA:23,11
DA:24,11
DA:30,11
DA:32,9
DA:34,0
DA:35,0
DA:39,1
DA:40,1
DA:41,1
DA:45,0
DA:46,0
DA:50,1
DA:54,4
DA:55,4
DA:62,0
DA:63,0
DA:67,1
DA:68,0
DA:69,0
DA:75,0
DA:76,0
DA:80,1
LF:32
LH:20
BRDA:13,0,0,0
BRDA:30,1,0,2
BRF:2
BRH:1
end_of_record
TN:
SF:src\routes\AuthRoute.ts
FNF:0
FNH:0
DA:1,1
DA:2,1
DA:11,1
DA:12,1
DA:20,1
DA:22,1
DA:24,1
DA:26,1
DA:28,1
DA:30,1
DA:32,1
DA:34,1
DA:36,1
LF:13
LH:13
BRF:0
BRH:0
end_of_record
TN:
SF:src\routes\declare_routes\index.ts
FN:6,(anonymous_1)
FNF:1
FNH:1
FNDA:1,(anonymous_1)
DA:3,1
DA:4,1
DA:6,1
DA:7,1
DA:9,1
LF:5
LH:5
BRF:0
BRH:0
end_of_record
TN:
SF:src\schemas\auth\confirmEmailSchema.ts
FNF:0
FNH:0
DA:1,1
DA:3,1
LF:2
LH:2
BRF:0
BRH:0
end_of_record
TN:
SF:src\schemas\auth\forgetPasswordSchema.ts
FNF:0
FNH:0
DA:1,1
DA:3,1
LF:2
LH:2
BRF:0
BRH:0
end_of_record
TN:
SF:src\schemas\auth\loginSchema.ts
FNF:0
FNH:0
DA:1,1
DA:3,1
LF:2
LH:2
BRF:0
BRH:0
end_of_record
TN:
SF:src\schemas\auth\resetPasswordSchema.ts
FNF:0
FNH:0
DA:1,1
DA:3,1
LF:2
LH:2
BRF:0
BRH:0
end_of_record
TN:
SF:src\schemas\auth\signupSchema.ts
FNF:0
FNH:0
DA:1,1
DA:3,1
LF:2
LH:2
BRF:0
BRH:0
end_of_record
TN:
SF:src\services\auth.ts
FN:9,(anonymous_14)
FN:9,(anonymous_15)
FN:26,(anonymous_16)
FN:36,(anonymous_17)
FN:36,(anonymous_18)
FN:44,(anonymous_19)
FN:53,(anonymous_20)
FN:53,(anonymous_21)
FN:74,(anonymous_22)
FN:81,(anonymous_23)
FN:84,(anonymous_24)
FN:87,(anonymous_25)
FN:87,(anonymous_26)
FN:97,(anonymous_27)
FN:97,(anonymous_28)
FN:117,(anonymous_29)
FN:120,(anonymous_30)
FNF:17
FNH:17
FNDA:8,(anonymous_14)
FNDA:8,(anonymous_15)
FNDA:2,(anonymous_16)
FNDA:1,(anonymous_17)
FNDA:1,(anonymous_18)
FNDA:5,(anonymous_19)
FNDA:2,(anonymous_20)
FNDA:2,(anonymous_21)
FNDA:2,(anonymous_22)
FNDA:10,(anonymous_23)
FNDA:1,(anonymous_24)
FNDA:2,(anonymous_25)
FNDA:2,(anonymous_26)
FNDA:2,(anonymous_27)
FNDA:2,(anonymous_28)
FNDA:1,(anonymous_29)
FNDA:1,(anonymous_30)
DA:1,1
DA:2,1
DA:4,1
DA:5,1
DA:6,1
DA:7,1
DA:9,8
DA:11,8
DA:13,7
DA:14,7
DA:16,1
DA:17,1
DA:19,0
DA:20,0
DA:23,8
DA:26,1
DA:27,2
DA:28,2
DA:30,2
DA:36,1
DA:37,1
DA:44,1
DA:49,5
DA:50,5
DA:53,2
DA:54,2
DA:56,2
DA:58,2
DA:60,2
DA:65,2
DA:71,2
DA:74,1
DA:75,2
DA:76,2
DA:78,2
DA:81,1
DA:82,10
DA:84,1
DA:85,1
DA:87,2
DA:88,2
DA:90,2
DA:91,1
DA:94,1
DA:97,2
DA:98,2
DA:102,2
DA:103,1
DA:110,1
DA:112,1
DA:114,1
DA:117,1
DA:120,1
DA:121,1
DA:124,1
DA:125,1
DA:126,1
DA:127,1
DA:128,1
DA:129,1
DA:130,1
DA:131,1
DA:132,1
DA:133,1
LF:64
LH:62
BRDA:11,0,0,7
BRDA:11,0,1,1
BRDA:11,0,2,0
BRDA:50,1,0,5
BRDA:50,1,1,5
BRDA:56,2,0,0
BRDA:90,3,0,1
BRDA:90,4,0,2
BRDA:90,4,1,1
BRDA:102,5,0,1
BRF:10
BRH:8
end_of_record
TN:
SF:src\utils\logger.ts
FNF:0
FNH:0
DA:1,1
DA:3,1
DA:21,1
DA:23,1
LF:4
LH:4
BRF:0
BRH:0
end_of_record
