TN:
SF:src\controllers\AuthController.ts
FN:14,(anonymous_13)
FN:14,(anonymous_14)
FN:39,(anonymous_15)
FN:39,(anonymous_16)
FN:52,(anonymous_17)
FN:52,(anonymous_18)
FN:60,(anonymous_19)
FN:60,(anonymous_20)
FN:70,(anonymous_21)
FN:70,(anonymous_22)
FN:86,(anonymous_23)
FN:86,(anonymous_24)
FN:112,(anonymous_25)
FN:112,(anonymous_26)
FNF:14
FNH:2
FNDA:0,(anonymous_13)
FNDA:0,(anonymous_14)
FNDA:0,(anonymous_15)
FNDA:0,(anonymous_16)
FNDA:0,(anonymous_17)
FNDA:0,(anonymous_18)
FNDA:1,(anonymous_19)
FNDA:1,(anonymous_20)
FNDA:0,(anonymous_21)
FNDA:0,(anonymous_22)
FNDA:0,(anonymous_23)
FNDA:0,(anonymous_24)
FNDA:0,(anonymous_25)
FNDA:0,(anonymous_26)
DA:5,1
DA:6,1
DA:7,1
DA:8,1
DA:9,1
DA:10,1
DA:11,1
DA:12,1
DA:14,1
DA:15,0
DA:17,0
DA:19,0
DA:21,0
DA:23,0
DA:31,0
DA:33,0
DA:39,1
DA:40,0
DA:42,0
DA:44,0
DA:46,0
DA:52,1
DA:53,0
DA:55,0
DA:60,1
DA:61,1
DA:63,1
DA:65,0
DA:67,0
DA:70,1
DA:71,0
DA:73,0
DA:75,0
DA:78,0
DA:80,0
DA:86,1
DA:87,0
DA:89,0
DA:91,0
DA:93,0
DA:96,0
DA:103,0
DA:104,0
DA:106,0
DA:112,1
DA:113,0
DA:115,0
DA:117,0
DA:119,0
DA:121,0
DA:129,0
DA:136,0
DA:138,0
DA:140,0
DA:143,1
LF:55
LH:18
BRDA:19,0,0,0
BRDA:42,1,0,0
BRDA:65,2,0,0
BRDA:75,3,0,0
BRDA:91,4,0,0
BRDA:96,5,0,0
BRDA:96,5,1,0
BRDA:103,6,0,0
BRDA:117,7,0,0
BRDA:121,8,0,0
BRDA:122,9,0,0
BRDA:122,9,1,0
BRF:12
BRH:0
end_of_record
TN:
SF:src\errors\AuthError.ts
FN:8,(anonymous_0)
FN:19,(anonymous_1)
FNF:2
FNH:1
FNDA:1,(anonymous_0)
FNDA:0,(anonymous_1)
DA:1,1
DA:4,1
DA:6,1
DA:10,1
DA:13,1
DA:14,1
DA:16,1
DA:20,0
DA:31,1
LF:9
LH:8
BRDA:14,0,0,0
BRDA:14,0,1,1
BRDA:14,1,0,1
BRDA:14,1,1,1
BRF:4
BRH:3
end_of_record
TN:
SF:src\errors\CustomError.ts
FN:6,(anonymous_0)
FNF:1
FNH:1
FNDA:1,(anonymous_0)
DA:1,1
DA:7,1
DA:9,1
LF:3
LH:3
BRF:0
BRH:0
end_of_record
TN:
SF:src\modules\AuthModel.ts
FN:5,(anonymous_8)
FN:5,(anonymous_9)
FN:22,(anonymous_10)
FN:22,(anonymous_11)
FN:39,(anonymous_12)
FN:50,(anonymous_13)
FN:67,(anonymous_14)
FNF:7
FNH:0
FNDA:0,(anonymous_8)
FNDA:0,(anonymous_9)
FNDA:0,(anonymous_10)
FNDA:0,(anonymous_11)
FNDA:0,(anonymous_12)
FNDA:0,(anonymous_13)
FNDA:0,(anonymous_14)
DA:2,1
DA:3,1
DA:5,1
DA:6,0
DA:7,0
DA:13,0
DA:15,0
DA:17,0
DA:18,0
DA:22,1
DA:23,0
DA:24,0
DA:30,0
DA:32,0
DA:34,0
DA:35,0
DA:39,1
DA:40,0
DA:41,0
DA:45,0
DA:46,0
DA:50,1
DA:54,0
DA:55,0
DA:62,0
DA:63,0
DA:67,1
DA:68,0
DA:69,0
DA:75,0
DA:76,0
DA:80,1
LF:32
LH:8
BRDA:13,0,0,0
BRDA:30,1,0,0
BRF:2
BRH:0
end_of_record
TN:
SF:src\schemas\auth\confirmEmailSchema.ts
FNF:0
FNH:0
DA:1,1
DA:3,1
LF:2
LH:2
BRF:0
BRH:0
end_of_record
TN:
SF:src\schemas\auth\forgetPasswordSchema.ts
FNF:0
FNH:0
DA:1,1
DA:3,1
LF:2
LH:2
BRF:0
BRH:0
end_of_record
TN:
SF:src\schemas\auth\loginSchema.ts
FNF:0
FNH:0
DA:1,1
DA:3,1
LF:2
LH:2
BRF:0
BRH:0
end_of_record
TN:
SF:src\schemas\auth\resetPasswordSchema.ts
FNF:0
FNH:0
DA:1,1
DA:3,1
LF:2
LH:2
BRF:0
BRH:0
end_of_record
TN:
SF:src\schemas\auth\signupSchema.ts
FNF:0
FNH:0
DA:1,1
DA:3,1
LF:2
LH:2
BRF:0
BRH:0
end_of_record
TN:
SF:src\services\auth.ts
FN:8,(anonymous_14)
FN:18,(anonymous_15)
FN:18,(anonymous_16)
FN:26,(anonymous_17)
FN:35,(anonymous_18)
FN:35,(anonymous_19)
FN:56,(anonymous_20)
FN:63,(anonymous_21)
FN:66,(anonymous_22)
FN:69,(anonymous_23)
FN:69,(anonymous_24)
FN:78,(anonymous_25)
FN:78,(anonymous_26)
FN:92,(anonymous_27)
FN:95,(anonymous_28)
FNF:15
FNH:0
FNDA:0,(anonymous_14)
FNDA:0,(anonymous_15)
FNDA:0,(anonymous_16)
FNDA:0,(anonymous_17)
FNDA:0,(anonymous_18)
FNDA:0,(anonymous_19)
FNDA:0,(anonymous_20)
FNDA:0,(anonymous_21)
FNDA:0,(anonymous_22)
FNDA:0,(anonymous_23)
FNDA:0,(anonymous_24)
FNDA:0,(anonymous_25)
FNDA:0,(anonymous_26)
FNDA:0,(anonymous_27)
FNDA:0,(anonymous_28)
DA:1,1
DA:2,1
DA:4,1
DA:5,1
DA:6,1
DA:8,1
DA:9,0
DA:10,0
DA:12,0
DA:18,1
DA:19,0
DA:26,1
DA:31,0
DA:32,0
DA:35,1
DA:36,0
DA:38,0
DA:40,0
DA:42,0
DA:47,0
DA:53,0
DA:56,1
DA:57,0
DA:58,0
DA:60,0
DA:63,1
DA:64,0
DA:66,1
DA:67,0
DA:69,1
DA:70,0
DA:72,0
DA:73,0
DA:75,0
DA:78,1
DA:79,0
DA:83,0
DA:85,0
DA:87,0
DA:89,0
DA:92,1
DA:95,0
DA:96,0
DA:99,1
DA:100,1
DA:101,1
DA:102,1
DA:103,1
DA:104,1
DA:105,1
LF:50
LH:22
BRDA:32,0,0,0
BRDA:32,0,1,0
BRDA:38,1,0,0
BRDA:72,2,0,0
BRDA:72,3,0,0
BRDA:72,3,1,0
BRDA:83,4,0,0
BRF:7
BRH:0
end_of_record
TN:
SF:src\utils\PrismaClient.ts
FN:5,(anonymous_0)
FNF:1
FNH:1
FNDA:1,(anonymous_0)
DA:1,1
DA:5,1
DA:6,1
DA:7,1
DA:9,1
DA:12,1
DA:14,1
LF:7
LH:7
BRDA:6,0,0,1
BRF:1
BRH:1
end_of_record
TN:
SF:src\utils\emailSender.ts
FN:13,(anonymous_1)
FN:21,(anonymous_2)
FNF:2
FNH:0
FNDA:0,(anonymous_1)
FNDA:0,(anonymous_2)
DA:1,1
DA:3,1
DA:13,1
DA:14,0
DA:21,0
DA:22,0
DA:23,0
DA:25,0
DA:30,1
LF:9
LH:4
BRDA:22,0,0,0
BRDA:22,0,1,0
BRF:2
BRH:0
end_of_record
